{
  "RSpec": {
    "coverage": {
      "/Users/stefano/Exercises/Dojo/ruby/mastermind/mastermind_helpers.rb": [
        1,
        2,
        null,
        null,
        1,
        10,
        null,
        null,
        1,
        10,
        null,
        null,
        1,
        60,
        null,
        null,
        1,
        50,
        null,
        null,
        1,
        1,
        null,
        null,
        1,
        1,
        null
      ],
      "/Users/stefano/Exercises/Dojo/ruby/mastermind/spec/mastermind_spec.rb": [
        1,
        null,
        1,
        1,
        1,
        null,
        null,
        null
      ]
    },
    "timestamp": 1335389366
  }
}
